<?xml version="1.0" encoding="UTF-8"?>
<!-- Generated by org.testng.reporters.JUnitXMLReporter -->
<testsuite hostname="Acer" ignored="0" name="Test" tests="2" failures="2" timestamp="15 Aug 2018 11:48:03 GMT" time="9.166" errors="0">
  <testcase name="testMethodA" time="0.0" classname="com.test.ParameterByMethodInDataprovider">
    <failure type="org.testng.TestNGException" message="
Found two providers called &amp;apos;SearchProvider&amp;apos; on class com.test.ParameterByMethodInDataprovider">
      <![CDATA[org.testng.TestNGException: 
Found two providers called 'SearchProvider' on class com.test.ParameterByMethodInDataprovider
... Removed 23 stack frames]]>
    </failure>
  </testcase> <!-- testMethodA -->
  <testcase name="testMethodB" time="0.0" classname="com.test.ParameterByMethodInDataprovider">
    <failure type="org.testng.TestNGException" message="
Cannot inject @Test annotated Method [testMethodB] with [class java.lang.String].
For more information on native dependency injection please refer to http://testng.org/doc/documentation-main.html#native-dependency-injection">
      <![CDATA[org.testng.TestNGException: 
Cannot inject @Test annotated Method [testMethodB] with [class java.lang.String].
For more information on native dependency injection please refer to http://testng.org/doc/documentation-main.html#native-dependency-injection
... Removed 24 stack frames]]>
    </failure>
  </testcase> <!-- testMethodB -->
</testsuite> <!-- Test -->
