<?xml version="1.0" encoding="UTF-8"?>
<!-- Generated by org.testng.reporters.JUnitXMLReporter -->
<testsuite hostname="Acer" ignored="0" name="Default test" tests="3" failures="0" timestamp="15 Aug 2018 07:30:17 GMT" time="26.922" errors="0">
  <testcase name="testMEthod" time="4.337" classname="com.test.ParameterByDataprovider"/>
  <testcase name="testMEthod" time="3.192" classname="com.test.ParameterByDataprovider"/>
  <testcase name="testMEthod" time="3.302" classname="com.test.ParameterByDataprovider"/>
</testsuite> <!-- Default test -->
