<?xml version="1.0" encoding="UTF-8"?>
<!-- Generated by org.testng.reporters.JUnitXMLReporter -->
<testsuite hostname="Acer" ignored="0" name="Default test" tests="3" failures="0" timestamp="15 Aug 2018 09:01:25 GMT" time="16.076" errors="0">
  <testcase name="f" time="1.035" classname="com.test.ParameterDataproviderWithClassLevel"/>
  <testcase name="f" time="0.599" classname="com.test.ParameterDataproviderWithClassLevel"/>
  <testcase name="f" time="0.308" classname="com.test.ParameterDataproviderWithClassLevel"/>
</testsuite> <!-- Default test -->
