<?xml version="1.0" encoding="UTF-8"?>
<testng-results skipped="0" failed="0" ignored="0" total="3" passed="3">
  <reporter-output>
  </reporter-output>
  <suite name="Default suite" duration-ms="16076" started-at="2018-08-15T09:01:09Z" finished-at="2018-08-15T09:01:25Z">
    <groups>
    </groups>
    <test name="Default test" duration-ms="16076" started-at="2018-08-15T09:01:09Z" finished-at="2018-08-15T09:01:25Z">
      <class name="com.test.ParameterDataproviderWithClassLevel">
        <test-method status="PASS" signature="setUp()[pri:0, instance:com.test.ParameterDataproviderWithClassLevel@4c70fda8]" name="setUp" is-config="true" duration-ms="11797" started-at="2018-08-15T09:01:09Z" finished-at="2018-08-15T09:01:20Z">
          <reporter-output>
          </reporter-output>
        </test-method> <!-- setUp -->
        <test-method status="PASS" signature="f(java.lang.String, java.lang.String)[pri:0, instance:com.test.ParameterDataproviderWithClassLevel@4c70fda8]" name="f" duration-ms="1035" started-at="2018-08-15T09:01:20Z" data-provider="SearchProvider" finished-at="2018-08-15T09:01:21Z">
          <params>
            <param index="0">
              <value>
                <![CDATA[Guru99]]>
              </value>
            </param>
            <param index="1">
              <value>
                <![CDATA[India]]>
              </value>
            </param>
          </params>
          <reporter-output>
          </reporter-output>
        </test-method> <!-- f -->
        <test-method status="PASS" signature="f(java.lang.String, java.lang.String)[pri:0, instance:com.test.ParameterDataproviderWithClassLevel@4c70fda8]" name="f" duration-ms="599" started-at="2018-08-15T09:01:21Z" data-provider="SearchProvider" finished-at="2018-08-15T09:01:22Z">
          <params>
            <param index="0">
              <value>
                <![CDATA[Krishna]]>
              </value>
            </param>
            <param index="1">
              <value>
                <![CDATA[UK]]>
              </value>
            </param>
          </params>
          <reporter-output>
          </reporter-output>
        </test-method> <!-- f -->
        <test-method status="PASS" signature="f(java.lang.String, java.lang.String)[pri:0, instance:com.test.ParameterDataproviderWithClassLevel@4c70fda8]" name="f" duration-ms="308" started-at="2018-08-15T09:01:22Z" data-provider="SearchProvider" finished-at="2018-08-15T09:01:22Z">
          <params>
            <param index="0">
              <value>
                <![CDATA[Bhupesh]]>
              </value>
            </param>
            <param index="1">
              <value>
                <![CDATA[USA]]>
              </value>
            </param>
          </params>
          <reporter-output>
          </reporter-output>
        </test-method> <!-- f -->
        <test-method status="PASS" signature="close()[pri:0, instance:com.test.ParameterDataproviderWithClassLevel@4c70fda8]" name="close" is-config="true" duration-ms="2266" started-at="2018-08-15T09:01:22Z" finished-at="2018-08-15T09:01:25Z">
          <reporter-output>
          </reporter-output>
        </test-method> <!-- close -->
      </class> <!-- com.test.ParameterDataproviderWithClassLevel -->
    </test> <!-- Default test -->
  </suite> <!-- Default suite -->
</testng-results>
